2024-05-28 17:18:06,919 INFO  [restartedMain] com.tpe.Application:Starting Application using Java 21 with PID 20104 (C:\Users\ozkan\Desktop\Java Projeckt\springBoot\target\classes started by ozkan in C:\Users\ozkan\Desktop\Java Projeckt\springBoot)
2024-05-28 17:18:06,926 INFO  [restartedMain] com.tpe.Application:No active profile set, falling back to 1 default profile: "default"
2024-05-28 17:18:06,967 INFO  [restartedMain] org.springframework.boot.devtools.env.DevToolsPropertyDefaultsPostProcessor:Devtools property defaults active! Set 'spring.devtools.add-properties' to 'false' to disable
2024-05-28 17:18:06,968 INFO  [restartedMain] org.springframework.boot.devtools.env.DevToolsPropertyDefaultsPostProcessor:For additional web related logging consider setting the 'logging.level.web' property to 'DEBUG'
2024-05-28 17:18:07,665 INFO  [restartedMain] org.springframework.data.repository.config.RepositoryConfigurationDelegate:Bootstrapping Spring Data JPA repositories in DEFAULT mode.
2024-05-28 17:18:07,707 INFO  [restartedMain] org.springframework.data.repository.config.RepositoryConfigurationDelegate:Finished Spring Data repository scanning in 36 ms. Found 2 JPA repository interfaces.
2024-05-28 17:18:08,130 INFO  [restartedMain] org.springframework.boot.web.embedded.tomcat.TomcatWebServer:Tomcat initialized with port(s): 8080 (http)
2024-05-28 17:18:08,138 INFO  [restartedMain] org.apache.catalina.core.StandardService:Starting service [Tomcat]
2024-05-28 17:18:08,138 INFO  [restartedMain] org.apache.catalina.core.StandardEngine:Starting Servlet engine: [Apache Tomcat/10.1.20]
2024-05-28 17:18:08,176 INFO  [restartedMain] org.apache.catalina.core.ContainerBase.[Tomcat].[localhost].[/]:Initializing Spring embedded WebApplicationContext
2024-05-28 17:18:08,177 INFO  [restartedMain] org.springframework.boot.web.servlet.context.ServletWebServerApplicationContext:Root WebApplicationContext: initialization completed in 1208 ms
2024-05-28 17:18:08,338 INFO  [restartedMain] org.hibernate.jpa.internal.util.LogHelper:HHH000204: Processing PersistenceUnitInfo [name: default]
2024-05-28 17:18:08,414 INFO  [restartedMain] org.hibernate.Version:HHH000412: Hibernate ORM core version 6.2.24.Final
2024-05-28 17:18:08,416 INFO  [restartedMain] org.hibernate.cfg.Environment:HHH000406: Using bytecode reflection optimizer
2024-05-28 17:18:08,648 INFO  [restartedMain] org.springframework.orm.jpa.persistenceunit.SpringPersistenceUnitInfo:No LoadTimeWeaver setup: ignoring JPA class transformer
2024-05-28 17:18:08,670 INFO  [restartedMain] com.zaxxer.hikari.HikariDataSource:HikariPool-1 - Starting...
2024-05-28 17:18:08,805 INFO  [restartedMain] com.zaxxer.hikari.pool.HikariPool:HikariPool-1 - Added connection org.postgresql.jdbc.PgConnection@28f01b80
2024-05-28 17:18:08,806 INFO  [restartedMain] com.zaxxer.hikari.HikariDataSource:HikariPool-1 - Start completed.
2024-05-28 17:18:08,845 WARN  [restartedMain] org.hibernate.orm.deprecation:HHH90000025: PostgreSQLDialect does not need to be specified explicitly using 'hibernate.dialect' (remove the property setting and it will be selected by default)
2024-05-28 17:18:09,544 INFO  [restartedMain] org.hibernate.engine.transaction.jta.platform.internal.JtaPlatformInitiator:HHH000489: No JTA platform available (set 'hibernate.transaction.jta.platform' to enable JTA platform integration)
2024-05-28 17:18:09,615 INFO  [restartedMain] org.springframework.orm.jpa.LocalContainerEntityManagerFactoryBean:Initialized JPA EntityManagerFactory for persistence unit 'default'
2024-05-28 17:18:09,858 INFO  [restartedMain] org.springframework.data.jpa.repository.query.QueryEnhancerFactory:Hibernate is in classpath; If applicable, HQL parser will be used.
2024-05-28 17:18:10,168 WARN  [restartedMain] org.springframework.boot.autoconfigure.orm.jpa.JpaBaseConfiguration$JpaWebConfiguration:spring.jpa.open-in-view is enabled by default. Therefore, database queries may be performed during view rendering. Explicitly configure spring.jpa.open-in-view to disable this warning
2024-05-28 17:18:10,488 WARN  [restartedMain] org.springframework.boot.autoconfigure.security.servlet.UserDetailsServiceAutoConfiguration:

Using generated security password: a4ae600d-b466-4eb8-b8c9-0ccedcceef0b

This generated password is for development use only. Your security configuration must be updated before running your application in production.

2024-05-28 17:18:10,555 INFO  [restartedMain] org.springframework.boot.actuate.endpoint.web.EndpointLinksResolver:Exposing 4 endpoint(s) beneath base path '/actuator'
2024-05-28 17:18:10,567 INFO  [restartedMain] org.springframework.security.web.DefaultSecurityFilterChain:Will secure any request with [org.springframework.security.web.session.DisableEncodeUrlFilter@311df961, org.springframework.security.web.context.request.async.WebAsyncManagerIntegrationFilter@598a0bd2, org.springframework.security.web.context.SecurityContextHolderFilter@38f395b1, org.springframework.security.web.header.HeaderWriterFilter@616d6488, org.springframework.web.filter.CorsFilter@7b3d3116, org.springframework.security.web.csrf.CsrfFilter@54e6e1ff, org.springframework.security.web.authentication.logout.LogoutFilter@19eb81bc, org.springframework.security.web.authentication.UsernamePasswordAuthenticationFilter@192320f8, org.springframework.security.web.authentication.ui.DefaultLoginPageGeneratingFilter@a502, org.springframework.security.web.authentication.ui.DefaultLogoutPageGeneratingFilter@510ba730, org.springframework.security.web.authentication.www.BasicAuthenticationFilter@52e7531b, org.springframework.security.web.savedrequest.RequestCacheAwareFilter@39d9eb86, org.springframework.security.web.servletapi.SecurityContextHolderAwareRequestFilter@64c5ebbd, org.springframework.security.web.authentication.AnonymousAuthenticationFilter@f039a81, org.springframework.security.web.access.ExceptionTranslationFilter@6746a517, org.springframework.security.web.access.intercept.AuthorizationFilter@6b03b710]
2024-05-28 17:18:10,613 INFO  [restartedMain] org.springframework.boot.devtools.autoconfigure.OptionalLiveReloadServer:LiveReload server is running on port 35729
2024-05-28 17:18:10,656 INFO  [restartedMain] org.springframework.boot.web.embedded.tomcat.TomcatWebServer:Tomcat started on port(s): 8080 (http) with context path ''
2024-05-28 17:18:10,664 INFO  [restartedMain] com.tpe.Application:Started Application in 4.094 seconds (process running for 4.677)
2024-05-28 17:18:11,024 INFO  [RMI TCP Connection(5)-192.168.0.205] org.apache.catalina.core.ContainerBase.[Tomcat].[localhost].[/]:Initializing Spring DispatcherServlet 'dispatcherServlet'
2024-05-28 17:22:23,088 INFO  [SpringApplicationShutdownHook] org.springframework.orm.jpa.LocalContainerEntityManagerFactoryBean:Closing JPA EntityManagerFactory for persistence unit 'default'
2024-05-28 17:22:23,090 INFO  [SpringApplicationShutdownHook] com.zaxxer.hikari.HikariDataSource:HikariPool-1 - Shutdown initiated...
2024-05-28 17:22:23,092 INFO  [SpringApplicationShutdownHook] com.zaxxer.hikari.HikariDataSource:HikariPool-1 - Shutdown completed.
2024-05-28 17:22:26,385 INFO  [restartedMain] com.tpe.Application:Starting Application using Java 21 with PID 47220 (C:\Users\ozkan\Desktop\Java Projeckt\springBoot\target\classes started by ozkan in C:\Users\ozkan\Desktop\Java Projeckt\springBoot)
2024-05-28 17:22:26,386 INFO  [restartedMain] com.tpe.Application:No active profile set, falling back to 1 default profile: "default"
2024-05-28 17:22:26,422 INFO  [restartedMain] org.springframework.boot.devtools.env.DevToolsPropertyDefaultsPostProcessor:Devtools property defaults active! Set 'spring.devtools.add-properties' to 'false' to disable
2024-05-28 17:22:26,422 INFO  [restartedMain] org.springframework.boot.devtools.env.DevToolsPropertyDefaultsPostProcessor:For additional web related logging consider setting the 'logging.level.web' property to 'DEBUG'
2024-05-28 17:22:26,984 INFO  [restartedMain] org.springframework.data.repository.config.RepositoryConfigurationDelegate:Bootstrapping Spring Data JPA repositories in DEFAULT mode.
2024-05-28 17:22:27,022 INFO  [restartedMain] org.springframework.data.repository.config.RepositoryConfigurationDelegate:Finished Spring Data repository scanning in 33 ms. Found 2 JPA repository interfaces.
2024-05-28 17:22:27,381 INFO  [restartedMain] org.springframework.boot.web.embedded.tomcat.TomcatWebServer:Tomcat initialized with port(s): 8080 (http)
2024-05-28 17:22:27,387 INFO  [restartedMain] org.apache.catalina.core.StandardService:Starting service [Tomcat]
2024-05-28 17:22:27,387 INFO  [restartedMain] org.apache.catalina.core.StandardEngine:Starting Servlet engine: [Apache Tomcat/10.1.20]
2024-05-28 17:22:27,423 INFO  [restartedMain] org.apache.catalina.core.ContainerBase.[Tomcat].[localhost].[/]:Initializing Spring embedded WebApplicationContext
2024-05-28 17:22:27,423 INFO  [restartedMain] org.springframework.boot.web.servlet.context.ServletWebServerApplicationContext:Root WebApplicationContext: initialization completed in 1001 ms
2024-05-28 17:22:27,570 INFO  [restartedMain] org.hibernate.jpa.internal.util.LogHelper:HHH000204: Processing PersistenceUnitInfo [name: default]
2024-05-28 17:22:27,613 INFO  [restartedMain] org.hibernate.Version:HHH000412: Hibernate ORM core version 6.2.24.Final
2024-05-28 17:22:27,616 INFO  [restartedMain] org.hibernate.cfg.Environment:HHH000406: Using bytecode reflection optimizer
2024-05-28 17:22:27,777 INFO  [restartedMain] org.springframework.orm.jpa.persistenceunit.SpringPersistenceUnitInfo:No LoadTimeWeaver setup: ignoring JPA class transformer
2024-05-28 17:22:27,793 INFO  [restartedMain] com.zaxxer.hikari.HikariDataSource:HikariPool-1 - Starting...
2024-05-28 17:22:27,896 INFO  [restartedMain] com.zaxxer.hikari.pool.HikariPool:HikariPool-1 - Added connection org.postgresql.jdbc.PgConnection@578b6ef3
2024-05-28 17:22:27,897 INFO  [restartedMain] com.zaxxer.hikari.HikariDataSource:HikariPool-1 - Start completed.
2024-05-28 17:22:27,918 WARN  [restartedMain] org.hibernate.orm.deprecation:HHH90000025: PostgreSQLDialect does not need to be specified explicitly using 'hibernate.dialect' (remove the property setting and it will be selected by default)
2024-05-28 17:22:28,518 INFO  [restartedMain] org.hibernate.engine.transaction.jta.platform.internal.JtaPlatformInitiator:HHH000489: No JTA platform available (set 'hibernate.transaction.jta.platform' to enable JTA platform integration)
2024-05-28 17:22:28,573 INFO  [restartedMain] org.springframework.orm.jpa.LocalContainerEntityManagerFactoryBean:Initialized JPA EntityManagerFactory for persistence unit 'default'
2024-05-28 17:22:28,755 INFO  [restartedMain] org.springframework.data.jpa.repository.query.QueryEnhancerFactory:Hibernate is in classpath; If applicable, HQL parser will be used.
2024-05-28 17:22:29,062 WARN  [restartedMain] org.springframework.boot.autoconfigure.orm.jpa.JpaBaseConfiguration$JpaWebConfiguration:spring.jpa.open-in-view is enabled by default. Therefore, database queries may be performed during view rendering. Explicitly configure spring.jpa.open-in-view to disable this warning
2024-05-28 17:22:29,362 WARN  [restartedMain] org.springframework.boot.autoconfigure.security.servlet.UserDetailsServiceAutoConfiguration:

Using generated security password: bb81a0ad-ee03-4d51-8f7c-870c1c92ae95

This generated password is for development use only. Your security configuration must be updated before running your application in production.

2024-05-28 17:22:29,428 INFO  [restartedMain] org.springframework.boot.actuate.endpoint.web.EndpointLinksResolver:Exposing 4 endpoint(s) beneath base path '/actuator'
2024-05-28 17:22:29,439 INFO  [restartedMain] org.springframework.security.web.DefaultSecurityFilterChain:Will secure any request with [org.springframework.security.web.session.DisableEncodeUrlFilter@305c0710, org.springframework.security.web.context.request.async.WebAsyncManagerIntegrationFilter@5b3ff1dd, org.springframework.security.web.context.SecurityContextHolderFilter@1c97ca92, org.springframework.security.web.header.HeaderWriterFilter@34055232, org.springframework.web.filter.CorsFilter@6737d565, org.springframework.security.web.csrf.CsrfFilter@59ecff67, org.springframework.security.web.authentication.logout.LogoutFilter@7e466f80, org.springframework.security.web.authentication.UsernamePasswordAuthenticationFilter@39f740e8, org.springframework.security.web.authentication.ui.DefaultLoginPageGeneratingFilter@6a259492, org.springframework.security.web.authentication.ui.DefaultLogoutPageGeneratingFilter@2f73d94, org.springframework.security.web.authentication.www.BasicAuthenticationFilter@34d18ae, org.springframework.security.web.savedrequest.RequestCacheAwareFilter@46c22a62, org.springframework.security.web.servletapi.SecurityContextHolderAwareRequestFilter@7470a6c, org.springframework.security.web.authentication.AnonymousAuthenticationFilter@52c3ce5d, org.springframework.security.web.access.ExceptionTranslationFilter@30c64eec, org.springframework.security.web.access.intercept.AuthorizationFilter@3e961824]
2024-05-28 17:22:29,480 INFO  [restartedMain] org.springframework.boot.devtools.autoconfigure.OptionalLiveReloadServer:LiveReload server is running on port 35729
2024-05-28 17:22:29,526 INFO  [restartedMain] org.springframework.boot.web.embedded.tomcat.TomcatWebServer:Tomcat started on port(s): 8080 (http) with context path ''
2024-05-28 17:22:29,535 INFO  [restartedMain] com.tpe.Application:Started Application in 3.445 seconds (process running for 3.922)
2024-05-28 17:22:29,816 INFO  [RMI TCP Connection(2)-192.168.0.205] org.apache.catalina.core.ContainerBase.[Tomcat].[localhost].[/]:Initializing Spring DispatcherServlet 'dispatcherServlet'
2024-05-28 17:23:41,812 INFO  [SpringApplicationShutdownHook] org.springframework.orm.jpa.LocalContainerEntityManagerFactoryBean:Closing JPA EntityManagerFactory for persistence unit 'default'
2024-05-28 17:23:41,814 INFO  [SpringApplicationShutdownHook] com.zaxxer.hikari.HikariDataSource:HikariPool-1 - Shutdown initiated...
2024-05-28 17:23:41,815 INFO  [SpringApplicationShutdownHook] com.zaxxer.hikari.HikariDataSource:HikariPool-1 - Shutdown completed.
2024-05-28 17:24:08,683 INFO  [restartedMain] com.tpe.Application:Starting Application using Java 21 with PID 31532 (C:\Users\ozkan\Desktop\Java Projeckt\springBoot\target\classes started by ozkan in C:\Users\ozkan\Desktop\Java Projeckt\springBoot)
2024-05-28 17:24:08,685 INFO  [restartedMain] com.tpe.Application:No active profile set, falling back to 1 default profile: "default"
2024-05-28 17:24:08,718 INFO  [restartedMain] org.springframework.boot.devtools.env.DevToolsPropertyDefaultsPostProcessor:Devtools property defaults active! Set 'spring.devtools.add-properties' to 'false' to disable
2024-05-28 17:24:08,718 INFO  [restartedMain] org.springframework.boot.devtools.env.DevToolsPropertyDefaultsPostProcessor:For additional web related logging consider setting the 'logging.level.web' property to 'DEBUG'
2024-05-28 17:24:09,268 INFO  [restartedMain] org.springframework.data.repository.config.RepositoryConfigurationDelegate:Bootstrapping Spring Data JPA repositories in DEFAULT mode.
2024-05-28 17:24:09,307 INFO  [restartedMain] org.springframework.data.repository.config.RepositoryConfigurationDelegate:Finished Spring Data repository scanning in 35 ms. Found 2 JPA repository interfaces.
2024-05-28 17:24:09,652 INFO  [restartedMain] org.springframework.boot.web.embedded.tomcat.TomcatWebServer:Tomcat initialized with port(s): 8080 (http)
2024-05-28 17:24:09,658 INFO  [restartedMain] org.apache.catalina.core.StandardService:Starting service [Tomcat]
2024-05-28 17:24:09,659 INFO  [restartedMain] org.apache.catalina.core.StandardEngine:Starting Servlet engine: [Apache Tomcat/10.1.20]
2024-05-28 17:24:09,690 INFO  [restartedMain] org.apache.catalina.core.ContainerBase.[Tomcat].[localhost].[/]:Initializing Spring embedded WebApplicationContext
2024-05-28 17:24:09,690 INFO  [restartedMain] org.springframework.boot.web.servlet.context.ServletWebServerApplicationContext:Root WebApplicationContext: initialization completed in 972 ms
2024-05-28 17:24:09,724 ERROR [restartedMain] org.springframework.boot.web.embedded.tomcat.TomcatStarter:Error starting Tomcat context. Exception: org.springframework.beans.factory.UnsatisfiedDependencyException. Message: Error creating bean with name 'securityFilterChainRegistration' defined in class path resource [org/springframework/boot/autoconfigure/security/servlet/SecurityFilterAutoConfiguration.class]: Unsatisfied dependency expressed through method 'securityFilterChainRegistration' parameter 0: Error creating bean with name 'spring.security-org.springframework.boot.autoconfigure.security.SecurityProperties': Could not bind properties to 'SecurityProperties' : prefix=spring.security, ignoreInvalidFields=false, ignoreUnknownFields=true
2024-05-28 17:24:09,751 INFO  [restartedMain] org.apache.catalina.core.StandardService:Stopping service [Tomcat]
2024-05-28 17:24:09,757 WARN  [restartedMain] org.springframework.boot.web.servlet.context.AnnotationConfigServletWebServerApplicationContext:Exception encountered during context initialization - cancelling refresh attempt: org.springframework.context.ApplicationContextException: Unable to start web server
2024-05-28 17:24:09,764 INFO  [restartedMain] org.springframework.boot.autoconfigure.logging.ConditionEvaluationReportLogger:

Error starting ApplicationContext. To display the condition evaluation report re-run your application with 'debug' enabled.
2024-05-28 17:24:09,779 ERROR [restartedMain] org.springframework.boot.diagnostics.LoggingFailureAnalysisReporter:

***************************
APPLICATION FAILED TO START
***************************

Description:

Failed to bind properties under 'spring.security.user' to org.springframework.boot.autoconfigure.security.SecurityProperties$User:

    Reason: org.springframework.core.convert.ConverterNotFoundException: No converter found capable of converting from type [java.lang.String] to type [org.springframework.boot.autoconfigure.security.SecurityProperties$User]

Action:

Update your application's configuration

2024-05-28 17:24:19,264 INFO  [restartedMain] com.tpe.Application:Starting Application using Java 21 with PID 4272 (C:\Users\ozkan\Desktop\Java Projeckt\springBoot\target\classes started by ozkan in C:\Users\ozkan\Desktop\Java Projeckt\springBoot)
2024-05-28 17:24:19,266 INFO  [restartedMain] com.tpe.Application:No active profile set, falling back to 1 default profile: "default"
2024-05-28 17:24:19,298 INFO  [restartedMain] org.springframework.boot.devtools.env.DevToolsPropertyDefaultsPostProcessor:Devtools property defaults active! Set 'spring.devtools.add-properties' to 'false' to disable
2024-05-28 17:24:19,298 INFO  [restartedMain] org.springframework.boot.devtools.env.DevToolsPropertyDefaultsPostProcessor:For additional web related logging consider setting the 'logging.level.web' property to 'DEBUG'
2024-05-28 17:24:19,852 INFO  [restartedMain] org.springframework.data.repository.config.RepositoryConfigurationDelegate:Bootstrapping Spring Data JPA repositories in DEFAULT mode.
2024-05-28 17:24:19,891 INFO  [restartedMain] org.springframework.data.repository.config.RepositoryConfigurationDelegate:Finished Spring Data repository scanning in 34 ms. Found 2 JPA repository interfaces.
2024-05-28 17:24:20,247 INFO  [restartedMain] org.springframework.boot.web.embedded.tomcat.TomcatWebServer:Tomcat initialized with port(s): 8080 (http)
2024-05-28 17:24:20,253 INFO  [restartedMain] org.apache.catalina.core.StandardService:Starting service [Tomcat]
2024-05-28 17:24:20,253 INFO  [restartedMain] org.apache.catalina.core.StandardEngine:Starting Servlet engine: [Apache Tomcat/10.1.20]
2024-05-28 17:24:20,289 INFO  [restartedMain] org.apache.catalina.core.ContainerBase.[Tomcat].[localhost].[/]:Initializing Spring embedded WebApplicationContext
2024-05-28 17:24:20,290 INFO  [restartedMain] org.springframework.boot.web.servlet.context.ServletWebServerApplicationContext:Root WebApplicationContext: initialization completed in 990 ms
2024-05-28 17:24:20,329 ERROR [restartedMain] org.springframework.boot.web.embedded.tomcat.TomcatStarter:Error starting Tomcat context. Exception: org.springframework.beans.factory.UnsatisfiedDependencyException. Message: Error creating bean with name 'securityFilterChainRegistration' defined in class path resource [org/springframework/boot/autoconfigure/security/servlet/SecurityFilterAutoConfiguration.class]: Unsatisfied dependency expressed through method 'securityFilterChainRegistration' parameter 0: Error creating bean with name 'spring.security-org.springframework.boot.autoconfigure.security.SecurityProperties': Could not bind properties to 'SecurityProperties' : prefix=spring.security, ignoreInvalidFields=false, ignoreUnknownFields=true
2024-05-28 17:24:20,356 INFO  [restartedMain] org.apache.catalina.core.StandardService:Stopping service [Tomcat]
2024-05-28 17:24:20,364 WARN  [restartedMain] org.springframework.boot.web.servlet.context.AnnotationConfigServletWebServerApplicationContext:Exception encountered during context initialization - cancelling refresh attempt: org.springframework.context.ApplicationContextException: Unable to start web server
2024-05-28 17:24:20,370 INFO  [restartedMain] org.springframework.boot.autoconfigure.logging.ConditionEvaluationReportLogger:

Error starting ApplicationContext. To display the condition evaluation report re-run your application with 'debug' enabled.
2024-05-28 17:24:20,382 ERROR [restartedMain] org.springframework.boot.diagnostics.LoggingFailureAnalysisReporter:

***************************
APPLICATION FAILED TO START
***************************

Description:

Failed to bind properties under 'spring.security.user' to org.springframework.boot.autoconfigure.security.SecurityProperties$User:

    Reason: org.springframework.core.convert.ConverterNotFoundException: No converter found capable of converting from type [java.lang.String] to type [org.springframework.boot.autoconfigure.security.SecurityProperties$User]

Action:

Update your application's configuration

2024-05-28 17:24:54,679 INFO  [restartedMain] com.tpe.Application:Starting Application using Java 21 with PID 16872 (C:\Users\ozkan\Desktop\Java Projeckt\springBoot\target\classes started by ozkan in C:\Users\ozkan\Desktop\Java Projeckt\springBoot)
2024-05-28 17:24:54,680 INFO  [restartedMain] com.tpe.Application:No active profile set, falling back to 1 default profile: "default"
2024-05-28 17:24:54,716 INFO  [restartedMain] org.springframework.boot.devtools.env.DevToolsPropertyDefaultsPostProcessor:Devtools property defaults active! Set 'spring.devtools.add-properties' to 'false' to disable
2024-05-28 17:24:54,716 INFO  [restartedMain] org.springframework.boot.devtools.env.DevToolsPropertyDefaultsPostProcessor:For additional web related logging consider setting the 'logging.level.web' property to 'DEBUG'
2024-05-28 17:24:55,280 INFO  [restartedMain] org.springframework.data.repository.config.RepositoryConfigurationDelegate:Bootstrapping Spring Data JPA repositories in DEFAULT mode.
2024-05-28 17:24:55,316 INFO  [restartedMain] org.springframework.data.repository.config.RepositoryConfigurationDelegate:Finished Spring Data repository scanning in 32 ms. Found 2 JPA repository interfaces.
2024-05-28 17:24:55,674 INFO  [restartedMain] org.springframework.boot.web.embedded.tomcat.TomcatWebServer:Tomcat initialized with port(s): 8080 (http)
2024-05-28 17:24:55,679 INFO  [restartedMain] org.apache.catalina.core.StandardService:Starting service [Tomcat]
2024-05-28 17:24:55,679 INFO  [restartedMain] org.apache.catalina.core.StandardEngine:Starting Servlet engine: [Apache Tomcat/10.1.20]
2024-05-28 17:24:55,715 INFO  [restartedMain] org.apache.catalina.core.ContainerBase.[Tomcat].[localhost].[/]:Initializing Spring embedded WebApplicationContext
2024-05-28 17:24:55,715 INFO  [restartedMain] org.springframework.boot.web.servlet.context.ServletWebServerApplicationContext:Root WebApplicationContext: initialization completed in 998 ms
2024-05-28 17:24:55,860 INFO  [restartedMain] org.hibernate.jpa.internal.util.LogHelper:HHH000204: Processing PersistenceUnitInfo [name: default]
2024-05-28 17:24:55,901 INFO  [restartedMain] org.hibernate.Version:HHH000412: Hibernate ORM core version 6.2.24.Final
2024-05-28 17:24:55,903 INFO  [restartedMain] org.hibernate.cfg.Environment:HHH000406: Using bytecode reflection optimizer
2024-05-28 17:24:56,064 INFO  [restartedMain] org.springframework.orm.jpa.persistenceunit.SpringPersistenceUnitInfo:No LoadTimeWeaver setup: ignoring JPA class transformer
2024-05-28 17:24:56,080 INFO  [restartedMain] com.zaxxer.hikari.HikariDataSource:HikariPool-1 - Starting...
2024-05-28 17:24:56,183 INFO  [restartedMain] com.zaxxer.hikari.pool.HikariPool:HikariPool-1 - Added connection org.postgresql.jdbc.PgConnection@791e7ed0
2024-05-28 17:24:56,184 INFO  [restartedMain] com.zaxxer.hikari.HikariDataSource:HikariPool-1 - Start completed.
2024-05-28 17:24:56,205 WARN  [restartedMain] org.hibernate.orm.deprecation:HHH90000025: PostgreSQLDialect does not need to be specified explicitly using 'hibernate.dialect' (remove the property setting and it will be selected by default)
2024-05-28 17:24:56,786 INFO  [restartedMain] org.hibernate.engine.transaction.jta.platform.internal.JtaPlatformInitiator:HHH000489: No JTA platform available (set 'hibernate.transaction.jta.platform' to enable JTA platform integration)
2024-05-28 17:24:56,838 INFO  [restartedMain] org.springframework.orm.jpa.LocalContainerEntityManagerFactoryBean:Initialized JPA EntityManagerFactory for persistence unit 'default'
2024-05-28 17:24:57,009 INFO  [restartedMain] org.springframework.data.jpa.repository.query.QueryEnhancerFactory:Hibernate is in classpath; If applicable, HQL parser will be used.
2024-05-28 17:24:57,315 WARN  [restartedMain] org.springframework.boot.autoconfigure.orm.jpa.JpaBaseConfiguration$JpaWebConfiguration:spring.jpa.open-in-view is enabled by default. Therefore, database queries may be performed during view rendering. Explicitly configure spring.jpa.open-in-view to disable this warning
2024-05-28 17:24:57,659 INFO  [restartedMain] org.springframework.boot.actuate.endpoint.web.EndpointLinksResolver:Exposing 4 endpoint(s) beneath base path '/actuator'
2024-05-28 17:24:57,668 INFO  [restartedMain] org.springframework.security.web.DefaultSecurityFilterChain:Will secure any request with [org.springframework.security.web.session.DisableEncodeUrlFilter@496ebb44, org.springframework.security.web.context.request.async.WebAsyncManagerIntegrationFilter@1eaf6146, org.springframework.security.web.context.SecurityContextHolderFilter@1c97ca92, org.springframework.security.web.header.HeaderWriterFilter@34055232, org.springframework.web.filter.CorsFilter@305c0710, org.springframework.security.web.csrf.CsrfFilter@59ecff67, org.springframework.security.web.authentication.logout.LogoutFilter@7e466f80, org.springframework.security.web.authentication.UsernamePasswordAuthenticationFilter@4191685d, org.springframework.security.web.authentication.ui.DefaultLoginPageGeneratingFilter@6a259492, org.springframework.security.web.authentication.ui.DefaultLogoutPageGeneratingFilter@5b3ff1dd, org.springframework.security.web.authentication.www.BasicAuthenticationFilter@1f3905fa, org.springframework.security.web.savedrequest.RequestCacheAwareFilter@46c22a62, org.springframework.security.web.servletapi.SecurityContextHolderAwareRequestFilter@7470a6c, org.springframework.security.web.authentication.AnonymousAuthenticationFilter@6737d565, org.springframework.security.web.access.ExceptionTranslationFilter@30c64eec, org.springframework.security.web.access.intercept.AuthorizationFilter@3e961824]
2024-05-28 17:24:57,710 INFO  [restartedMain] org.springframework.boot.devtools.autoconfigure.OptionalLiveReloadServer:LiveReload server is running on port 35729
2024-05-28 17:24:57,752 INFO  [restartedMain] org.springframework.boot.web.embedded.tomcat.TomcatWebServer:Tomcat started on port(s): 8080 (http) with context path ''
2024-05-28 17:24:57,762 INFO  [restartedMain] com.tpe.Application:Started Application in 3.374 seconds (process running for 3.844)
2024-05-28 17:24:58,107 INFO  [RMI TCP Connection(3)-192.168.0.205] org.apache.catalina.core.ContainerBase.[Tomcat].[localhost].[/]:Initializing Spring DispatcherServlet 'dispatcherServlet'
2024-05-28 17:26:57,282 INFO  [SpringApplicationShutdownHook] org.springframework.orm.jpa.LocalContainerEntityManagerFactoryBean:Closing JPA EntityManagerFactory for persistence unit 'default'
2024-05-28 17:26:57,284 INFO  [SpringApplicationShutdownHook] com.zaxxer.hikari.HikariDataSource:HikariPool-1 - Shutdown initiated...
2024-05-28 17:26:57,287 INFO  [SpringApplicationShutdownHook] com.zaxxer.hikari.HikariDataSource:HikariPool-1 - Shutdown completed.
